SF:lib/models/topic.dart
DA:3,0
DA:5,0
DA:12,3
DA:18,4
DA:19,2
DA:20,2
DA:21,2
DA:24,6
DA:25,3
DA:26,3
DA:27,3
LF:11
LH:9
end_of_record
SF:lib/providers/shared_preference_provider.dart
DA:4,6
DA:5,3
LF:2
LH:2
end_of_record
SF:lib/quiz_app.dart
DA:5,2
DA:7,2
DA:9,4
LF:3
LH:3
end_of_record
SF:lib/models/answer.dart
DA:4,0
DA:5,0
LF:2
LH:0
end_of_record
SF:lib/models/quiz.dart
DA:8,1
DA:9,1
DA:10,1
DA:11,1
DA:12,1
DA:13,1
LF:6
LH:6
end_of_record
SF:lib/models/statistics.dart
DA:3,0
DA:5,0
DA:13,2
DA:20,2
DA:21,1
DA:22,1
DA:23,1
DA:24,1
DA:27,4
DA:28,2
DA:29,2
DA:30,2
DA:31,2
LF:13
LH:11
end_of_record
SF:lib/providers/generic_provider.dart
DA:5,4
DA:7,2
DA:8,1
DA:9,2
DA:10,1
LF:5
LH:5
end_of_record
SF:lib/providers/is_quiz_provider.dart
DA:5,12
DA:7,6
DA:8,3
DA:9,6
DA:10,3
LF:5
LH:5
end_of_record
SF:lib/providers/quiz_provider.dart
DA:9,2
DA:11,0
DA:12,0
DA:13,0
DA:16,1
DA:17,1
DA:19,1
DA:20,1
DA:21,1
DA:26,4
DA:27,1
LF:11
LH:8
end_of_record
SF:lib/services/quiz_api.dart
DA:10,1
DA:11,1
DA:12,2
DA:14,2
DA:15,1
DA:18,0
DA:20,0
DA:21,0
DA:22,0
DA:23,0
LF:10
LH:5
end_of_record
SF:lib/providers/statistics_provider.dart
DA:12,3
DA:14,1
DA:15,3
DA:19,3
DA:20,1
DA:21,4
DA:22,1
DA:25,0
DA:27,0
DA:28,0
DA:32,2
DA:33,2
DA:34,3
DA:35,1
LF:14
LH:11
end_of_record
SF:lib/providers/topic_provider.dart
DA:10,2
DA:12,1
DA:13,2
DA:17,0
DA:18,0
DA:21,1
DA:22,1
DA:23,5
DA:27,4
DA:28,3
DA:29,1
LF:11
LH:9
end_of_record
SF:lib/providers/topics_provider.dart
DA:12,6
DA:14,2
DA:15,6
DA:19,6
DA:20,2
DA:21,10
DA:24,0
DA:26,0
DA:27,0
DA:31,4
DA:32,4
DA:33,6
DA:34,2
LF:13
LH:10
end_of_record
SF:lib/routes/routes.dart
DA:8,9
DA:9,3
DA:10,3
DA:12,3
DA:13,3
DA:15,2
DA:16,3
DA:18,1
DA:19,3
DA:21,1
LF:10
LH:10
end_of_record
SF:lib/screens/home_screen.dart
DA:8,3
DA:10,2
DA:11,2
DA:14,3
DA:16,3
DA:17,3
DA:18,9
DA:19,3
DA:21,3
DA:22,3
DA:24,3
DA:27,3
DA:35,3
DA:36,4
LF:14
LH:14
end_of_record
SF:lib/screens/quiz_screen.dart
DA:7,3
DA:9,1
DA:11,1
DA:12,1
DA:13,3
LF:5
LH:5
end_of_record
SF:lib/screens/statistics_screen.dart
DA:6,3
DA:8,1
DA:10,1
DA:11,1
DA:12,5
DA:13,1
DA:14,4
LF:7
LH:7
end_of_record
SF:lib/screens/topic_screen.dart
DA:6,3
DA:8,2
DA:10,2
DA:11,2
DA:12,6
LF:5
LH:5
end_of_record
SF:lib/util/screen_wrapper.dart
DA:10,3
DA:12,0
DA:13,0
DA:14,0
DA:15,0
DA:16,0
DA:19,1
DA:20,4
DA:21,1
DA:24,3
DA:26,6
DA:27,3
DA:28,3
DA:30,3
DA:32,1
DA:33,0
DA:34,1
DA:37,3
DA:38,2
DA:39,3
DA:43,3
LF:21
LH:15
end_of_record
SF:lib/widgets/generic_button.dart
DA:14,3
DA:16,0
DA:17,0
DA:18,0
DA:19,0
DA:21,0
DA:22,0
DA:23,0
DA:24,0
DA:25,0
DA:28,0
DA:31,3
DA:33,3
DA:34,0
LF:14
LH:3
end_of_record
SF:lib/widgets/mcq.dart
DA:15,3
DA:17,1
DA:18,1
DA:26,0
DA:27,0
DA:28,0
DA:29,0
DA:30,0
DA:34,0
DA:35,0
DA:38,0
DA:39,0
DA:41,0
DA:42,0
DA:46,0
DA:52,0
DA:58,0
DA:61,0
DA:62,0
DA:63,0
DA:66,0
DA:67,0
DA:68,0
DA:69,0
DA:71,0
DA:73,0
DA:76,0
DA:77,0
DA:78,0
DA:81,0
DA:82,0
DA:83,0
DA:85,0
DA:88,0
DA:89,0
DA:90,0
DA:91,0
DA:92,0
DA:94,0
DA:95,0
DA:98,0
DA:100,0
DA:102,0
DA:105,0
DA:106,0
DA:107,0
DA:108,0
DA:110,0
DA:111,0
DA:114,0
DA:115,0
DA:116,0
DA:118,0
DA:119,0
DA:125,1
DA:127,3
DA:129,2
DA:130,2
DA:131,3
DA:132,4
DA:133,1
DA:134,3
DA:136,0
DA:137,1
DA:138,1
DA:139,1
DA:140,1
DA:143,1
DA:144,1
DA:145,1
DA:146,0
DA:147,0
DA:149,0
DA:155,1
DA:156,1
DA:158,2
DA:165,1
DA:167,1
DA:168,1
DA:170,2
DA:175,1
DA:176,1
DA:177,1
DA:178,2
DA:179,3
DA:181,2
DA:182,0
DA:183,0
DA:184,0
DA:186,1
DA:187,1
DA:188,2
DA:189,1
DA:191,1
DA:192,1
DA:193,0
DA:194,0
DA:195,0
DA:196,0
DA:198,0
DA:199,0
DA:200,0
LF:102
LH:37
end_of_record
SF:lib/widgets/topic_title.dart
DA:6,3
DA:8,1
DA:10,2
DA:12,1
DA:13,1
DA:14,2
LF:6
LH:6
end_of_record
SF:lib/widgets/statistics_list.dart
DA:7,3
DA:9,1
DA:11,2
DA:12,2
DA:13,2
DA:15,2
DA:16,2
DA:18,1
DA:19,1
DA:20,2
DA:21,3
DA:23,2
DA:24,2
DA:26,1
DA:27,1
DA:29,1
DA:30,1
DA:39,1
DA:41,1
DA:42,3
DA:46,1
DA:47,1
DA:54,1
DA:55,2
DA:59,1
DA:60,2
DA:64,1
DA:65,4
DA:73,1
DA:74,1
DA:75,1
DA:77,1
DA:79,1
DA:80,1
DA:82,1
DA:83,1
DA:84,1
DA:85,1
DA:86,1
DA:87,1
DA:94,1
DA:96,1
DA:97,3
DA:98,1
DA:100,1
DA:101,1
DA:102,1
DA:103,1
DA:104,1
DA:106,1
DA:107,1
DA:108,1
DA:109,1
DA:111,1
DA:112,1
DA:113,1
DA:114,1
DA:121,1
DA:122,1
DA:123,0
LF:60
LH:59
end_of_record
SF:lib/widgets/topics_list_widget.dart
DA:13,3
DA:15,1
DA:16,2
DA:17,2
DA:18,4
DA:19,4
DA:20,4
DA:21,1
DA:24,2
DA:26,4
DA:27,4
DA:28,4
DA:29,2
DA:30,4
DA:33,2
DA:34,2
DA:35,2
DA:36,2
DA:38,2
DA:41,2
DA:42,0
LF:21
LH:20
end_of_record
SF:lib/services/topics_api.dart
DA:8,0
DA:9,0
DA:10,0
DA:12,0
DA:13,0
DA:14,0
LF:6
LH:0
end_of_record
SF:lib/util/handlers.dart
DA:10,0
DA:12,0
DA:13,0
DA:14,0
DA:15,0
DA:16,0
DA:17,0
DA:18,0
DA:21,0
DA:24,0
DA:25,0
DA:29,0
DA:31,0
DA:33,0
DA:34,0
DA:35,0
DA:37,0
DA:38,0
DA:41,0
DA:45,0
DA:46,0
DA:47,0
DA:50,0
DA:52,0
DA:54,0
DA:55,0
DA:56,0
DA:59,0
DA:61,0
DA:62,0
DA:63,0
DA:64,0
DA:66,0
DA:68,0
LF:34
LH:0
end_of_record
