SF:lib/models/topic.dart
DA:3,0
DA:5,0
DA:12,7
DA:18,10
DA:19,5
DA:20,5
DA:21,5
DA:24,14
DA:25,7
DA:26,7
DA:27,7
LF:11
LH:9
end_of_record
SF:lib/providers/shared_preference_provider.dart
DA:4,14
DA:5,7
LF:2
LH:2
end_of_record
SF:lib/quiz_app.dart
DA:5,3
DA:7,3
DA:9,6
LF:3
LH:3
end_of_record
SF:lib/routes/routes.dart
DA:8,21
DA:9,7
DA:10,7
DA:12,7
DA:13,7
DA:15,4
DA:16,7
DA:18,2
DA:19,7
DA:21,4
LF:10
LH:10
end_of_record
SF:lib/models/answer.dart
DA:4,2
DA:5,2
LF:2
LH:2
end_of_record
SF:lib/models/quiz.dart
DA:8,4
DA:9,4
DA:10,4
DA:11,4
DA:12,4
DA:13,4
LF:6
LH:6
end_of_record
SF:lib/models/statistics.dart
DA:3,0
DA:5,0
DA:13,6
DA:20,10
DA:21,5
DA:22,5
DA:23,5
DA:24,5
DA:27,12
DA:28,6
DA:29,6
DA:30,6
DA:31,6
LF:13
LH:11
end_of_record
SF:lib/providers/generic_provider.dart
DA:5,16
DA:7,8
DA:8,4
DA:9,8
DA:10,4
LF:5
LH:5
end_of_record
SF:lib/providers/is_quiz_provider.dart
DA:5,28
DA:7,14
DA:8,7
DA:9,14
DA:10,7
LF:5
LH:5
end_of_record
SF:lib/providers/quiz_provider.dart
DA:9,8
DA:11,0
DA:12,0
DA:13,0
DA:16,4
DA:17,4
DA:19,4
DA:20,4
DA:21,4
DA:26,16
DA:27,4
LF:11
LH:8
end_of_record
SF:lib/services/quiz_api.dart
DA:10,4
DA:11,4
DA:12,8
DA:14,8
DA:15,4
DA:18,2
DA:20,8
DA:21,4
DA:22,2
DA:23,2
LF:10
LH:10
end_of_record
SF:lib/providers/statistics_provider.dart
DA:12,15
DA:14,5
DA:15,15
DA:19,15
DA:20,5
DA:21,20
DA:22,5
DA:25,2
DA:27,10
DA:28,6
DA:32,10
DA:33,10
DA:34,15
DA:35,5
LF:14
LH:14
end_of_record
SF:lib/providers/topic_provider.dart
DA:10,8
DA:12,4
DA:13,8
DA:17,0
DA:18,0
DA:21,4
DA:22,4
DA:23,20
DA:27,16
DA:28,12
DA:29,4
LF:11
LH:9
end_of_record
SF:lib/providers/topics_provider.dart
DA:12,15
DA:14,5
DA:15,15
DA:19,15
DA:20,5
DA:21,25
DA:24,0
DA:26,0
DA:27,0
DA:31,10
DA:32,10
DA:33,15
DA:34,5
LF:13
LH:10
end_of_record
SF:lib/screens/home_screen.dart
DA:8,7
DA:10,4
DA:11,4
DA:14,7
DA:16,7
DA:17,7
DA:18,21
DA:19,7
DA:21,7
DA:22,7
DA:24,7
DA:27,7
DA:35,7
DA:36,8
LF:14
LH:14
end_of_record
SF:lib/screens/quiz_screen.dart
DA:7,7
DA:9,4
DA:11,4
DA:12,4
DA:13,12
LF:5
LH:5
end_of_record
SF:lib/screens/statistics_screen.dart
DA:6,7
DA:8,2
DA:10,2
DA:11,2
DA:12,10
DA:13,2
DA:14,8
LF:7
LH:7
end_of_record
SF:lib/screens/topic_screen.dart
DA:6,7
DA:8,4
DA:10,4
DA:11,4
DA:12,12
LF:5
LH:5
end_of_record
SF:lib/util/screen_wrapper.dart
DA:10,7
DA:12,0
DA:13,0
DA:14,0
DA:15,0
DA:16,0
DA:19,2
DA:20,8
DA:21,2
DA:24,7
DA:26,14
DA:27,7
DA:28,7
DA:30,7
DA:32,4
DA:33,0
DA:34,4
DA:37,7
DA:38,4
DA:39,7
DA:43,7
LF:21
LH:15
end_of_record
SF:lib/widgets/generic_button.dart
DA:14,7
DA:16,1
DA:17,2
DA:18,2
DA:19,1
DA:21,2
DA:22,2
DA:23,4
DA:24,4
DA:25,4
DA:28,1
DA:31,7
DA:33,7
DA:34,2
LF:14
LH:14
end_of_record
SF:lib/widgets/mcq.dart
DA:15,7
DA:17,4
DA:18,4
DA:26,0
DA:27,0
DA:28,0
DA:29,0
DA:30,0
DA:34,2
DA:35,2
DA:38,2
DA:39,2
DA:41,2
DA:42,10
DA:46,2
DA:52,2
DA:58,6
DA:61,0
DA:62,0
DA:63,0
DA:66,0
DA:67,0
DA:68,0
DA:69,0
DA:71,0
DA:73,0
DA:76,0
DA:77,0
DA:78,0
DA:81,2
DA:82,6
DA:83,6
DA:85,10
DA:88,2
DA:89,4
DA:90,2
DA:91,2
DA:92,4
DA:94,4
DA:95,10
DA:98,2
DA:100,2
DA:102,6
DA:105,1
DA:106,2
DA:107,1
DA:108,1
DA:110,2
DA:111,1
DA:114,1
DA:115,2
DA:116,1
DA:118,2
DA:119,4
DA:125,4
DA:127,12
DA:129,8
DA:130,8
DA:131,12
DA:132,16
DA:133,4
DA:134,12
DA:136,6
DA:137,4
DA:138,4
DA:139,4
DA:140,4
DA:143,4
DA:144,4
DA:145,4
DA:146,0
DA:147,0
DA:149,0
DA:155,4
DA:156,6
DA:158,8
DA:165,4
DA:167,4
DA:168,6
DA:170,8
DA:175,4
DA:176,0
DA:177,4
DA:178,8
DA:179,12
DA:181,8
DA:182,0
DA:183,0
DA:184,0
DA:186,4
DA:187,4
DA:188,8
DA:189,4
DA:191,4
DA:192,5
DA:193,4
DA:194,1
DA:195,1
DA:196,1
DA:198,1
DA:199,1
DA:200,1
LF:102
LH:78
end_of_record
SF:lib/widgets/topic_title.dart
DA:6,7
DA:8,4
DA:10,8
DA:12,4
DA:13,4
DA:14,8
LF:6
LH:6
end_of_record
SF:lib/widgets/statistics_list.dart
DA:7,7
DA:9,2
DA:11,4
DA:12,4
DA:13,4
DA:15,4
DA:16,4
DA:18,2
DA:19,2
DA:20,4
DA:21,6
DA:23,4
DA:24,4
DA:26,2
DA:27,2
DA:29,2
DA:30,2
DA:39,2
DA:41,2
DA:42,6
DA:46,2
DA:47,2
DA:54,2
DA:55,4
DA:59,2
DA:60,4
DA:64,2
DA:65,8
DA:73,2
DA:74,2
DA:75,2
DA:77,2
DA:79,2
DA:80,2
DA:82,2
DA:83,2
DA:84,2
DA:85,2
DA:86,2
DA:87,2
DA:94,2
DA:96,2
DA:97,6
DA:98,2
DA:100,2
DA:101,2
DA:102,2
DA:103,2
DA:104,2
DA:106,2
DA:107,2
DA:108,2
DA:109,2
DA:111,2
DA:112,2
DA:113,2
DA:114,2
DA:121,2
DA:122,2
DA:123,0
LF:60
LH:59
end_of_record
SF:lib/widgets/topics_list_widget.dart
DA:13,7
DA:15,3
DA:16,6
DA:17,6
DA:18,12
DA:19,12
DA:20,12
DA:21,3
DA:24,4
DA:26,8
DA:27,8
DA:28,8
DA:29,6
DA:30,8
DA:33,4
DA:34,4
DA:35,4
DA:36,4
DA:38,4
DA:41,4
DA:42,0
LF:21
LH:20
end_of_record
SF:lib/services/topics_api.dart
DA:8,0
DA:9,0
DA:10,0
DA:12,0
DA:13,0
DA:14,0
LF:6
LH:0
end_of_record
SF:lib/util/handlers.dart
DA:10,0
DA:12,0
DA:13,0
DA:14,0
DA:15,0
DA:16,0
DA:17,0
DA:18,0
DA:21,0
DA:24,0
DA:25,0
DA:29,0
DA:31,0
DA:33,0
DA:34,0
DA:35,0
DA:37,0
DA:38,0
DA:41,0
DA:45,0
DA:46,0
DA:47,0
DA:50,1
DA:52,1
DA:54,2
DA:55,2
DA:56,4
DA:59,2
DA:61,1
DA:62,4
DA:63,7
DA:64,1
DA:66,1
DA:68,3
LF:34
LH:12
end_of_record
